  [1m[35m (1442.6ms)[0m  [1m[35mCREATE DATABASE "code_critic_development" ENCODING = 'unicode' /*application:CodeCritic*/[0m
  [1m[35m (299.9ms)[0m  [1m[35mCREATE DATABASE "code_critic_test" ENCODING = 'unicode' /*application:CodeCritic*/[0m
  [1m[35m (29.7ms)[0m  [1m[35mCREATE TABLE "schema_migrations" ("version" character varying NOT NULL PRIMARY KEY) /*application:CodeCritic*/[0m
  [1m[35m (9.1ms)[0m  [1m[35mCREATE TABLE "ar_internal_metadata" ("key" character varying NOT NULL PRIMARY KEY, "value" character varying, "created_at" timestamp(6) NOT NULL, "updated_at" timestamp(6) NOT NULL) /*application:CodeCritic*/[0m
  [1m[35m (1.5ms)[0m  [1m[34mSELECT pg_try_advisory_lock(2910238632764231055)[0m
  [1m[36mActiveRecord::SchemaMigration Pluck (1.5ms)[0m  [1m[34mSELECT "schema_migrations"."version" FROM "schema_migrations" ORDER BY "schema_migrations"."version" ASC /*application:CodeCritic*/[0m
Migrating to DeviseCreateUsers (20260318095732)
  [1m[36mTRANSACTION (0.4ms)[0m  [1m[35mBEGIN /*application:CodeCritic*/[0m
  [1m[35m (22.0ms)[0m  [1m[35mCREATE TABLE "users" ("id" bigserial primary key, "email" character varying DEFAULT '' NOT NULL, "encrypted_password" character varying DEFAULT '' NOT NULL, "reset_password_token" character varying, "reset_password_sent_at" timestamp(6), "remember_created_at" timestamp(6), "created_at" timestamp(6) NOT NULL, "updated_at" timestamp(6) NOT NULL) /*application:CodeCritic*/[0m
  [1m[35m (13.0ms)[0m  [1m[35mCREATE UNIQUE INDEX "index_users_on_email" ON "users" ("email") /*application:CodeCritic*/[0m
  [1m[35m (4.8ms)[0m  [1m[35mCREATE UNIQUE INDEX "index_users_on_reset_password_token" ON "users" ("reset_password_token") /*application:CodeCritic*/[0m
  [1m[36mActiveRecord::SchemaMigration Create (3.2ms)[0m  [1m[32mINSERT INTO "schema_migrations" ("version") VALUES ($1) RETURNING "version" /*application:CodeCritic*/[0m  [["version", "20260318095732"]]
  [1m[36mTRANSACTION (0.7ms)[0m  [1m[35mCOMMIT /*application:CodeCritic*/[0m
  [1m[36mActiveRecord::InternalMetadata Load (1.9ms)[0m  [1m[34mSELECT "ar_internal_metadata".* FROM "ar_internal_metadata" WHERE "ar_internal_metadata"."key" = $1 LIMIT $2 /*application:CodeCritic*/[0m  [["key", "environment"], ["LIMIT", 1]]
  [1m[36mTRANSACTION (0.2ms)[0m  [1m[35mBEGIN /*application:CodeCritic*/[0m
  [1m[36mActiveRecord::InternalMetadata Create (3.0ms)[0m  [1m[32mINSERT INTO "ar_internal_metadata" ("key", "value", "created_at", "updated_at") VALUES ($1, $2, $3, $4) RETURNING "key" /*application:CodeCritic*/[0m  [["key", "environment"], ["value", "development"], ["created_at", "2026-03-18 10:00:27.059559"], ["updated_at", "2026-03-18 10:00:27.059559"]]
  [1m[36mTRANSACTION (0.4ms)[0m  [1m[35mCOMMIT /*application:CodeCritic*/[0m
  [1m[35m (0.3ms)[0m  [1m[34mSELECT pg_advisory_unlock(2910238632764231055)[0m
  [1m[36mActiveRecord::SchemaMigration Pluck (2.2ms)[0m  [1m[34mSELECT "schema_migrations"."version" FROM "schema_migrations" ORDER BY "schema_migrations"."version" ASC /*application:CodeCritic*/[0m
Started GET "/favicon.ico" for 127.0.0.1 at 2026-03-18 15:01:38 +0500
  [1m[36mActiveRecord::SchemaMigration Pluck (2.8ms)[0m  [1m[34mSELECT "schema_migrations"."version" FROM "schema_migrations" ORDER BY "schema_migrations"."version" ASC /*application:CodeCritic*/[0m
  
ActionController::RoutingError (No route matches [GET] "/favicon.ico"):
  
Started GET "/" for 127.0.0.1 at 2026-03-18 15:04:28 +0500
  [1m[36mActiveRecord::SchemaMigration Pluck (1.1ms)[0m  [1m[34mSELECT "schema_migrations"."version" FROM "schema_migrations" ORDER BY "schema_migrations"."version" ASC /*application:CodeCritic*/[0m
Processing by Rails::WelcomeController#index as HTML
  Rendering C:/Ruby34-x64/lib/ruby/gems/3.4.0/gems/railties-7.0.10/lib/rails/templates/rails/welcome/index.html.erb
  Rendered C:/Ruby34-x64/lib/ruby/gems/3.4.0/gems/railties-7.0.10/lib/rails/templates/rails/welcome/index.html.erb (Duration: 6.8ms | Allocations: 384)
Completed 200 OK in 1272ms (Views: 18.0ms | ActiveRecord: 0.0ms | Allocations: 5303)


Started GET "/users/sign_in" for 127.0.0.1 at 2026-03-18 15:04:40 +0500
  
NoMethodError (undefined method 'allow_browser' for class ApplicationController):
  
app/controllers/application_controller.rb:3:in '<class:ApplicationController>'
app/controllers/application_controller.rb:1:in '<main>'
Started GET "/users/sign_in" for 127.0.0.1 at 2026-03-18 15:05:21 +0500
Processing by Devise::SessionsController#new as HTML
  Rendering layout layouts/application.html.erb
  Rendering devise/sessions/new.html.erb within layouts/application
  Rendered devise/shared/_links.html.erb (Duration: 4.2ms | Allocations: 466)
  Rendered devise/sessions/new.html.erb within layouts/application (Duration: 142.4ms | Allocations: 4502)
  Rendered layout layouts/application.html.erb (Duration: 203.3ms | Allocations: 12597)
Completed 200 OK in 2222ms (Views: 248.8ms | ActiveRecord: 26.9ms | Allocations: 19245)


Started GET "/users/password/new" for 127.0.0.1 at 2026-03-18 15:05:37 +0500
Processing by Devise::PasswordsController#new as HTML
  Rendering layout layouts/application.html.erb
  Rendering devise/passwords/new.html.erb within layouts/application
  Rendered devise/shared/_error_messages.html.erb (Duration: 0.6ms | Allocations: 167)
  Rendered devise/shared/_links.html.erb (Duration: 0.4ms | Allocations: 153)
  Rendered devise/passwords/new.html.erb within layouts/application (Duration: 5.5ms | Allocations: 1246)
  Rendered layout layouts/application.html.erb (Duration: 9.5ms | Allocations: 1898)
Completed 200 OK in 912ms (Views: 15.8ms | ActiveRecord: 0.0ms | Allocations: 3060)


Started POST "/users/password" for 127.0.0.1 at 2026-03-18 15:05:42 +0500
Processing by Devise::PasswordsController#create as TURBO_STREAM
  Parameters: {"authenticity_token" => "[FILTERED]", "user" => {"email" => "[FILTERED]"}, "commit" => "Send me password reset instructions"}
  Rendering layout layouts/application.html.erb
  Rendering devise/passwords/new.html.erb within layouts/application
  Rendered devise/shared/_error_messages.html.erb (Duration: 0.6ms | Allocations: 442)
  Rendered devise/shared/_links.html.erb (Duration: 0.2ms | Allocations: 120)
  Rendered devise/passwords/new.html.erb within layouts/application (Duration: 3.5ms | Allocations: 1603)
  Rendered layout layouts/application.html.erb (Duration: 5.2ms | Allocations: 2211)
Completed 422 Unprocessable Entity in 944ms (Views: 7.4ms | ActiveRecord: 0.0ms | Allocations: 4206)


  [1m[35m (0.4ms)[0m  [1m[34mSELECT pg_try_advisory_lock(2910238632764231055)[0m
  [1m[36mActiveRecord::SchemaMigration Pluck (5.7ms)[0m  [1m[34mSELECT "schema_migrations"."version" FROM "schema_migrations" ORDER BY "schema_migrations"."version" ASC /*application:CodeCritic*/[0m
Migrating to CreateProjects (20260319073401)
  [1m[36mTRANSACTION (0.4ms)[0m  [1m[35mBEGIN /*application:CodeCritic*/[0m
  [1m[35m (101.4ms)[0m  [1m[35mCREATE TABLE "projects" ("id" bigserial primary key, "name" character varying, "description" text, "user_id" bigint NOT NULL, "created_at" timestamp(6) NOT NULL, "updated_at" timestamp(6) NOT NULL, CONSTRAINT "fk_rails_b872a6760a"
FOREIGN KEY ("user_id")
  REFERENCES "users" ("id")
) /*application:CodeCritic*/[0m
  [1m[35m (4.0ms)[0m  [1m[35mCREATE INDEX "index_projects_on_user_id" ON "projects" ("user_id") /*application:CodeCritic*/[0m
  [1m[36mActiveRecord::SchemaMigration Create (1.6ms)[0m  [1m[32mINSERT INTO "schema_migrations" ("version") VALUES ($1) RETURNING "version" /*application:CodeCritic*/[0m  [["version", "20260319073401"]]
  [1m[36mTRANSACTION (3.4ms)[0m  [1m[35mCOMMIT /*application:CodeCritic*/[0m
Migrating to CreateCodeFiles (20260319074230)
  [1m[36mTRANSACTION (1.4ms)[0m  [1m[35mBEGIN /*application:CodeCritic*/[0m
  [1m[35m (14.4ms)[0m  [1m[35mCREATE TABLE "code_files" ("id" bigserial primary key, "content" text, "language" character varying, "project_id" bigint NOT NULL, "created_at" timestamp(6) NOT NULL, "updated_at" timestamp(6) NOT NULL, CONSTRAINT "fk_rails_e073a3aba8"
FOREIGN KEY ("project_id")
  REFERENCES "projects" ("id")
) /*application:CodeCritic*/[0m
  [1m[35m (6.6ms)[0m  [1m[35mCREATE INDEX "index_code_files_on_project_id" ON "code_files" ("project_id") /*application:CodeCritic*/[0m
  [1m[36mActiveRecord::SchemaMigration Create (0.7ms)[0m  [1m[32mINSERT INTO "schema_migrations" ("version") VALUES ($1) RETURNING "version" /*application:CodeCritic*/[0m  [["version", "20260319074230"]]
  [1m[36mTRANSACTION (0.9ms)[0m  [1m[35mCOMMIT /*application:CodeCritic*/[0m
Migrating to CreateReviews (20260319074430)
  [1m[36mTRANSACTION (1.1ms)[0m  [1m[35mBEGIN /*application:CodeCritic*/[0m
  [1m[35m (9.2ms)[0m  [1m[35mCREATE TABLE "reviews" ("id" bigserial primary key, "status" character varying, "result" text, "summary" text, "code_file_id" bigint NOT NULL, "created_at" timestamp(6) NOT NULL, "updated_at" timestamp(6) NOT NULL, CONSTRAINT "fk_rails_b591213069"
FOREIGN KEY ("code_file_id")
  REFERENCES "code_files" ("id")
) /*application:CodeCritic*/[0m
  [1m[35m (2.8ms)[0m  [1m[35mCREATE INDEX "index_reviews_on_code_file_id" ON "reviews" ("code_file_id") /*application:CodeCritic*/[0m
  [1m[36mActiveRecord::SchemaMigration Create (0.4ms)[0m  [1m[32mINSERT INTO "schema_migrations" ("version") VALUES ($1) RETURNING "version" /*application:CodeCritic*/[0m  [["version", "20260319074430"]]
  [1m[36mTRANSACTION (0.6ms)[0m  [1m[35mCOMMIT /*application:CodeCritic*/[0m
Migrating to CreateComments (20260319074549)
  [1m[36mTRANSACTION (0.8ms)[0m  [1m[35mBEGIN /*application:CodeCritic*/[0m
  [1m[35m (10.9ms)[0m  [1m[35mCREATE TABLE "comments" ("id" bigserial primary key, "content" text, "line_number" integer, "review_id" bigint NOT NULL, "user_id" bigint NOT NULL, "created_at" timestamp(6) NOT NULL, "updated_at" timestamp(6) NOT NULL, CONSTRAINT "fk_rails_5350d1b47c"
FOREIGN KEY ("review_id")
  REFERENCES "reviews" ("id")
, CONSTRAINT "fk_rails_03de2dc08c"
FOREIGN KEY ("user_id")
  REFERENCES "users" ("id")
) /*application:CodeCritic*/[0m
  [1m[35m (4.6ms)[0m  [1m[35mCREATE INDEX "index_comments_on_review_id" ON "comments" ("review_id") /*application:CodeCritic*/[0m
  [1m[35m (2.8ms)[0m  [1m[35mCREATE INDEX "index_comments_on_user_id" ON "comments" ("user_id") /*application:CodeCritic*/[0m
  [1m[36mActiveRecord::SchemaMigration Create (0.4ms)[0m  [1m[32mINSERT INTO "schema_migrations" ("version") VALUES ($1) RETURNING "version" /*application:CodeCritic*/[0m  [["version", "20260319074549"]]
  [1m[36mTRANSACTION (0.5ms)[0m  [1m[35mCOMMIT /*application:CodeCritic*/[0m
Migrating to AddNameToUser (20260319074702)
  [1m[36mTRANSACTION (1.1ms)[0m  [1m[35mBEGIN /*application:CodeCritic*/[0m
  [1m[35m (0.5ms)[0m  [1m[35mALTER TABLE "users" ADD "name" character varying /*application:CodeCritic*/[0m
  [1m[36mActiveRecord::SchemaMigration Create (1.6ms)[0m  [1m[32mINSERT INTO "schema_migrations" ("version") VALUES ($1) RETURNING "version" /*application:CodeCritic*/[0m  [["version", "20260319074702"]]
  [1m[36mTRANSACTION (0.6ms)[0m  [1m[35mCOMMIT /*application:CodeCritic*/[0m
  [1m[36mActiveRecord::InternalMetadata Load (5.3ms)[0m  [1m[34mSELECT "ar_internal_metadata".* FROM "ar_internal_metadata" WHERE "ar_internal_metadata"."key" = $1 LIMIT $2 /*application:CodeCritic*/[0m  [["key", "environment"], ["LIMIT", 1]]
  [1m[35m (0.5ms)[0m  [1m[34mSELECT pg_advisory_unlock(2910238632764231055)[0m
  [1m[36mActiveRecord::SchemaMigration Pluck (1.1ms)[0m  [1m[34mSELECT "schema_migrations"."version" FROM "schema_migrations" ORDER BY "schema_migrations"."version" ASC /*application:CodeCritic*/[0m
  [1m[36mActiveRecord::SchemaMigration Pluck (2.8ms)[0m  [1m[34mSELECT "schema_migrations"."version" FROM "schema_migrations" ORDER BY "schema_migrations"."version" ASC /*application:CodeCritic*/[0m
Started GET "/" for 127.0.0.1 at 2026-03-19 16:18:03 +0500
Started GET "/users/password/new" for 127.0.0.1 at 2026-03-19 16:18:04 +0500
  [1m[36mActiveRecord::SchemaMigration Pluck (2.3ms)[0m  [1m[34mSELECT "schema_migrations"."version" FROM "schema_migrations" ORDER BY "schema_migrations"."version" ASC /*application:CodeCritic*/[0m
Processing by Rails::WelcomeController#index as HTML
Processing by Devise::PasswordsController#new as HTML
  Rendering C:/Ruby34-x64/lib/ruby/gems/3.4.0/gems/railties-7.0.10/lib/rails/templates/rails/welcome/index.html.erb
  Rendered C:/Ruby34-x64/lib/ruby/gems/3.4.0/gems/railties-7.0.10/lib/rails/templates/rails/welcome/index.html.erb (Duration: 8.2ms | Allocations: 397)
Completed 200 OK in 3069ms (Views: 30.7ms | ActiveRecord: 0.0ms | Allocations: 7649)


  Rendering layout layouts/application.html.erb
  Rendering devise/passwords/new.html.erb within layouts/application
  Rendered devise/shared/_error_messages.html.erb (Duration: 1.8ms | Allocations: 180)
  Rendered devise/shared/_links.html.erb (Duration: 3.4ms | Allocations: 455)
  Rendered devise/passwords/new.html.erb within layouts/application (Duration: 67.9ms | Allocations: 3014)
  Rendered layout layouts/application.html.erb (Duration: 135.7ms | Allocations: 11129)
Completed 200 OK in 3378ms (Views: 166.7ms | ActiveRecord: 55.6ms | Allocations: 27318)


Started GET "/" for 127.0.0.1 at 2026-03-19 16:27:36 +0500
  [1m[36mActiveRecord::SchemaMigration Pluck (1.9ms)[0m  [1m[34mSELECT "schema_migrations"."version" FROM "schema_migrations" ORDER BY "schema_migrations"."version" ASC /*application:CodeCritic*/[0m
Processing by Rails::WelcomeController#index as HTML
  Rendering C:/Ruby34-x64/lib/ruby/gems/3.4.0/gems/railties-7.0.10/lib/rails/templates/rails/welcome/index.html.erb
  Rendered C:/Ruby34-x64/lib/ruby/gems/3.4.0/gems/railties-7.0.10/lib/rails/templates/rails/welcome/index.html.erb (Duration: 4.2ms | Allocations: 384)
Completed 200 OK in 1232ms (Views: 17.6ms | ActiveRecord: 0.0ms | Allocations: 4737)


Started GET "/signin" for 127.0.0.1 at 2026-03-19 16:27:48 +0500
  
ActionController::RoutingError (No route matches [GET] "/signin"):
  
Started GET "/favicon.ico" for 127.0.0.1 at 2026-03-19 16:27:51 +0500
  
ActionController::RoutingError (No route matches [GET] "/favicon.ico"):
  
Started GET "/" for 127.0.0.1 at 2026-03-19 16:28:10 +0500
Processing by Rails::WelcomeController#index as HTML
  Rendering C:/Ruby34-x64/lib/ruby/gems/3.4.0/gems/railties-7.0.10/lib/rails/templates/rails/welcome/index.html.erb
  Rendered C:/Ruby34-x64/lib/ruby/gems/3.4.0/gems/railties-7.0.10/lib/rails/templates/rails/welcome/index.html.erb (Duration: 1.3ms | Allocations: 128)
Completed 200 OK in 1352ms (Views: 3.1ms | ActiveRecord: 0.0ms | Allocations: 758)


Started GET "/users/sign_in" for 127.0.0.1 at 2026-03-19 16:28:18 +0500
Processing by Devise::SessionsController#new as HTML
  Rendering layout layouts/application.html.erb
  Rendering devise/sessions/new.html.erb within layouts/application
  Rendered devise/shared/_links.html.erb (Duration: 3.0ms | Allocations: 461)
  Rendered devise/sessions/new.html.erb within layouts/application (Duration: 77.4ms | Allocations: 3450)
  Rendered layout layouts/application.html.erb (Duration: 140.6ms | Allocations: 11553)
Completed 200 OK in 2057ms (Views: 183.8ms | ActiveRecord: 23.4ms | Allocations: 17952)


Started POST "/users/sign_in" for 127.0.0.1 at 2026-03-19 16:28:30 +0500
Processing by Devise::SessionsController#create as TURBO_STREAM
  Parameters: {"authenticity_token" => "[FILTERED]", "user" => {"email" => "[FILTERED]", "password" => "[FILTERED]", "remember_me" => "0"}, "commit" => "Log in"}
  [1m[36mUser Load (5.8ms)[0m  [1m[34mSELECT "users".* FROM "users" WHERE "users"."email" = $1 ORDER BY "users"."id" ASC LIMIT $2 /*application:CodeCritic,controller:sessions,action:create*/[0m  [["email", "[FILTERED]"], ["LIMIT", 1]]
Completed 401 Unauthorized in 1814ms (ActiveRecord: 6.1ms | Allocations: 3797)


Processing by Devise::SessionsController#new as TURBO_STREAM
  Parameters: {"authenticity_token" => "[FILTERED]", "user" => {"email" => "[FILTERED]", "password" => "[FILTERED]", "remember_me" => "0"}, "commit" => "Log in"}
  Rendering layout layouts/application.html.erb
  Rendering devise/sessions/new.html.erb within layouts/application
  Rendered devise/shared/_links.html.erb (Duration: 0.4ms | Allocations: 123)
  Rendered devise/sessions/new.html.erb within layouts/application (Duration: 3.7ms | Allocations: 1138)
  Rendered layout layouts/application.html.erb (Duration: 6.5ms | Allocations: 1746)
Completed 200 OK in 2469ms (Views: 10.7ms | ActiveRecord: 0.0ms | Allocations: 3852)


Started GET "/users/sign_up" for 127.0.0.1 at 2026-03-19 16:28:38 +0500
Processing by Devise::RegistrationsController#new as HTML
  Rendering layout layouts/application.html.erb
  Rendering devise/registrations/new.html.erb within layouts/application
  Rendered devise/shared/_error_messages.html.erb (Duration: 1.2ms | Allocations: 168)
  Rendered devise/shared/_links.html.erb (Duration: 0.5ms | Allocations: 102)
  Rendered devise/registrations/new.html.erb within layouts/application (Duration: 15.4ms | Allocations: 1706)
  Rendered layout layouts/application.html.erb (Duration: 18.9ms | Allocations: 2358)
Completed 200 OK in 1881ms (Views: 33.7ms | ActiveRecord: 0.0ms | Allocations: 3535)


Started POST "/users" for 127.0.0.1 at 2026-03-19 16:29:02 +0500
Processing by Devise::RegistrationsController#create as TURBO_STREAM
  Parameters: {"authenticity_token" => "[FILTERED]", "user" => {"email" => "[FILTERED]", "password" => "[FILTERED]", "password_confirmation" => "[FILTERED]"}, "commit" => "Sign up"}
  [1m[36mTRANSACTION (0.8ms)[0m  [1m[35mBEGIN /*application:CodeCritic,controller:registrations,action:create*/[0m
  [1m[36mUser Exists? (0.7ms)[0m  [1m[34mSELECT 1 AS one FROM "users" WHERE "users"."email" = $1 LIMIT $2 /*application:CodeCritic,controller:registrations,action:create*/[0m  [["email", "[FILTERED]"], ["LIMIT", 1]]
  [1m[36mCACHE User Exists? (0.0ms)[0m  [1m[34mSELECT 1 AS one FROM "users" WHERE "users"."email" = $1 LIMIT $2[0m  [["email", "[FILTERED]"], ["LIMIT", 1]]
  [1m[36mTRANSACTION (2.5ms)[0m  [1m[31mROLLBACK /*application:CodeCritic,controller:registrations,action:create*/[0m
  Rendering layout layouts/application.html.erb
  Rendering devise/registrations/new.html.erb within layouts/application
  Rendered devise/shared/_error_messages.html.erb (Duration: 1.9ms | Allocations: 673)
  Rendered devise/shared/_links.html.erb (Duration: 0.3ms | Allocations: 70)
  Rendered devise/registrations/new.html.erb within layouts/application (Duration: 7.1ms | Allocations: 2037)
  Rendered layout layouts/application.html.erb (Duration: 12.0ms | Allocations: 2645)
Completed 422 Unprocessable Entity in 2506ms (Views: 14.0ms | ActiveRecord: 4.0ms | Allocations: 10859)


  [1m[35m (9.5ms)[0m  [1m[34mSELECT pg_try_advisory_lock(2910238632764231055)[0m
  [1m[36mActiveRecord::SchemaMigration Pluck (3.4ms)[0m  [1m[34mSELECT "schema_migrations"."version" FROM "schema_migrations" ORDER BY "schema_migrations"."version" ASC /*application:CodeCritic*/[0m
Migrating to CreateActiveStorageTables (20260319141017)
  [1m[36mTRANSACTION (1.1ms)[0m  [1m[35mBEGIN /*application:CodeCritic*/[0m
  [1m[35m (47.3ms)[0m  [1m[35mCREATE TABLE "active_storage_blobs" ("id" bigserial primary key, "key" character varying NOT NULL, "filename" character varying NOT NULL, "content_type" character varying, "metadata" text, "service_name" character varying NOT NULL, "byte_size" bigint NOT NULL, "checksum" character varying, "created_at" timestamp(6) NOT NULL) /*application:CodeCritic*/[0m
  [1m[35m (8.4ms)[0m  [1m[35mCREATE UNIQUE INDEX "index_active_storage_blobs_on_key" ON "active_storage_blobs" ("key") /*application:CodeCritic*/[0m
  [1m[35m (23.2ms)[0m  [1m[35mCREATE TABLE "active_storage_attachments" ("id" bigserial primary key, "name" character varying NOT NULL, "record_type" character varying NOT NULL, "record_id" bigint NOT NULL, "blob_id" bigint NOT NULL, "created_at" timestamp(6) NOT NULL, CONSTRAINT "fk_rails_c3b3935057"
FOREIGN KEY ("blob_id")
  REFERENCES "active_storage_blobs" ("id")
) /*application:CodeCritic*/[0m
  [1m[35m (3.1ms)[0m  [1m[35mCREATE INDEX "index_active_storage_attachments_on_blob_id" ON "active_storage_attachments" ("blob_id") /*application:CodeCritic*/[0m
  [1m[35m (4.0ms)[0m  [1m[35mCREATE UNIQUE INDEX "index_active_storage_attachments_uniqueness" ON "active_storage_attachments" ("record_type", "record_id", "name", "blob_id") /*application:CodeCritic*/[0m
  [1m[35m (18.7ms)[0m  [1m[35mCREATE TABLE "active_storage_variant_records" ("id" bigserial primary key, "blob_id" bigint NOT NULL, "variation_digest" character varying NOT NULL, CONSTRAINT "fk_rails_993965df05"
FOREIGN KEY ("blob_id")
  REFERENCES "active_storage_blobs" ("id")
) /*application:CodeCritic*/[0m
  [1m[35m (2.6ms)[0m  [1m[35mCREATE UNIQUE INDEX "index_active_storage_variant_records_uniqueness" ON "active_storage_variant_records" ("blob_id", "variation_digest") /*application:CodeCritic*/[0m
  [1m[36mActiveRecord::SchemaMigration Create (2.8ms)[0m  [1m[32mINSERT INTO "schema_migrations" ("version") VALUES ($1) RETURNING "version" /*application:CodeCritic*/[0m  [["version", "20260319141017"]]
  [1m[36mTRANSACTION (2.4ms)[0m  [1m[35mCOMMIT /*application:CodeCritic*/[0m
  [1m[36mActiveRecord::InternalMetadata Load (3.3ms)[0m  [1m[34mSELECT "ar_internal_metadata".* FROM "ar_internal_metadata" WHERE "ar_internal_metadata"."key" = $1 LIMIT $2 /*application:CodeCritic*/[0m  [["key", "environment"], ["LIMIT", 1]]
  [1m[35m (0.5ms)[0m  [1m[34mSELECT pg_advisory_unlock(2910238632764231055)[0m
  [1m[36mActiveRecord::SchemaMigration Pluck (1.3ms)[0m  [1m[34mSELECT "schema_migrations"."version" FROM "schema_migrations" ORDER BY "schema_migrations"."version" ASC /*application:CodeCritic*/[0m
Started GET "/" for 127.0.0.1 at 2026-03-20 01:44:41 +0500
  [1m[36mActiveRecord::SchemaMigration Pluck (2.9ms)[0m  [1m[34mSELECT "schema_migrations"."version" FROM "schema_migrations" ORDER BY "schema_migrations"."version" ASC /*application:CodeCritic*/[0m
Processing by Rails::WelcomeController#index as HTML
  Rendering C:/Ruby34-x64/lib/ruby/gems/3.4.0/gems/railties-7.0.10/lib/rails/templates/rails/welcome/index.html.erb
  Rendered C:/Ruby34-x64/lib/ruby/gems/3.4.0/gems/railties-7.0.10/lib/rails/templates/rails/welcome/index.html.erb (Duration: 7.4ms | Allocations: 384)
Completed 200 OK in 1690ms (Views: 21.9ms | ActiveRecord: 0.0ms | Allocations: 4825)


Started GET "/users/sign_in" for 127.0.0.1 at 2026-03-20 01:44:55 +0500
Processing by Devise::SessionsController#new as HTML
  Rendering layout layouts/application.html.erb
  Rendering devise/sessions/new.html.erb within layouts/application
  Rendered devise/sessions/new.html.erb within layouts/application (Duration: 95.7ms | Allocations: 3329)
  Rendered layout layouts/application.html.erb (Duration: 193.4ms | Allocations: 11515)
Completed 200 OK in 2167ms (Views: 237.3ms | ActiveRecord: 16.2ms | Allocations: 18165)


Started GET "/users/sign_in" for 127.0.0.1 at 2026-03-20 01:58:49 +0500
Processing by Devise::SessionsController#new as HTML
  Rendering layout layouts/application.html.erb
  Rendering devise/sessions/new.html.erb within layouts/application
  Rendered devise/sessions/new.html.erb within layouts/application (Duration: 6.1ms | Allocations: 1130)
  Rendered layout layouts/application.html.erb (Duration: 9.0ms | Allocations: 1747)
Completed 200 OK in 1218ms (Views: 11.4ms | ActiveRecord: 0.0ms | Allocations: 2472)


Started GET "/users/sign_in" for 127.0.0.1 at 2026-03-20 02:00:17 +0500
Processing by Devise::SessionsController#new as HTML
  Rendering layout layouts/application.html.erb
  Rendering devise/sessions/new.html.erb within layouts/application
  Rendered devise/sessions/new.html.erb within layouts/application (Duration: 2.0ms | Allocations: 1130)
  Rendered layout layouts/application.html.erb (Duration: 3.7ms | Allocations: 1748)
Completed 200 OK in 1218ms (Views: 5.0ms | ActiveRecord: 0.0ms | Allocations: 2469)


Started GET "/" for 127.0.0.1 at 2026-03-20 02:00:46 +0500
  [1m[36mActiveRecord::SchemaMigration Pluck (2.4ms)[0m  [1m[34mSELECT "schema_migrations"."version" FROM "schema_migrations" ORDER BY "schema_migrations"."version" ASC /*application:CodeCritic*/[0m
Processing by Rails::WelcomeController#index as HTML
  Rendering C:/Ruby34-x64/lib/ruby/gems/3.4.0/gems/railties-7.0.10/lib/rails/templates/rails/welcome/index.html.erb
  Rendered C:/Ruby34-x64/lib/ruby/gems/3.4.0/gems/railties-7.0.10/lib/rails/templates/rails/welcome/index.html.erb (Duration: 6.8ms | Allocations: 384)
Completed 200 OK in 1380ms (Views: 24.6ms | ActiveRecord: 0.0ms | Allocations: 4821)


Started GET "/users/sign_in" for 127.0.0.1 at 2026-03-20 02:00:57 +0500
Processing by Devise::SessionsController#new as HTML
  Rendering layout layouts/application.html.erb
  Rendering devise/sessions/new.html.erb within layouts/application
  Rendered devise/sessions/new.html.erb within layouts/application (Duration: 73.5ms | Allocations: 3330)
  Rendered layout layouts/application.html.erb (Duration: 211.9ms | Allocations: 11515)
Completed 200 OK in 2477ms (Views: 277.4ms | ActiveRecord: 14.9ms | Allocations: 26913)


Started GET "/users/sign_in" for 127.0.0.1 at 2026-03-20 02:04:40 +0500
Processing by Devise::SessionsController#new as HTML
  Rendering layout layouts/application.html.erb
  Rendering devise/sessions/new.html.erb within layouts/application
  Rendered devise/sessions/new.html.erb within layouts/application (Duration: 6.3ms | Allocations: 1519)
  Rendered layout layouts/application.html.erb (Duration: 10.0ms | Allocations: 2379)
Completed 200 OK in 1263ms (Views: 32.0ms | ActiveRecord: 0.0ms | Allocations: 3703)


Started GET "/users/sign_in" for 127.0.0.1 at 2026-03-20 02:04:56 +0500
Processing by Devise::SessionsController#new as HTML
  Rendering layout layouts/application.html.erb
  Rendering devise/sessions/new.html.erb within layouts/application
  Rendered devise/sessions/new.html.erb within layouts/application (Duration: 3.6ms | Allocations: 1078)
  Rendered layout layouts/application.html.erb (Duration: 14.3ms | Allocations: 1686)
Completed 200 OK in 2236ms (Views: 24.3ms | ActiveRecord: 0.0ms | Allocations: 2578)


Started GET "/users/sign_in" for 127.0.0.1 at 2026-03-20 02:05:00 +0500
Processing by Devise::SessionsController#new as HTML
  Rendering layout layouts/application.html.erb
  Rendering devise/sessions/new.html.erb within layouts/application
  Rendered devise/sessions/new.html.erb within layouts/application (Duration: 4.2ms | Allocations: 1078)
  Rendered layout layouts/application.html.erb (Duration: 6.9ms | Allocations: 1686)
Completed 200 OK in 1994ms (Views: 8.5ms | ActiveRecord: 0.0ms | Allocations: 2407)


Started GET "/" for 127.0.0.1 at 2026-03-20 02:05:11 +0500
Processing by Rails::WelcomeController#index as HTML
  Rendering C:/Ruby34-x64/lib/ruby/gems/3.4.0/gems/railties-7.0.10/lib/rails/templates/rails/welcome/index.html.erb
  Rendered C:/Ruby34-x64/lib/ruby/gems/3.4.0/gems/railties-7.0.10/lib/rails/templates/rails/welcome/index.html.erb (Duration: 1.7ms | Allocations: 126)
Completed 200 OK in 1917ms (Views: 4.2ms | ActiveRecord: 0.0ms | Allocations: 739)


Started GET "/users/sign_in" for 127.0.0.1 at 2026-03-20 15:08:11 +0500
Started GET "/" for 127.0.0.1 at 2026-03-20 15:08:11 +0500
  [1m[36mActiveRecord::SchemaMigration Pluck (3.9ms)[0m  [1m[34mSELECT "schema_migrations"."version" FROM "schema_migrations" ORDER BY "schema_migrations"."version" ASC /*application:CodeCritic*/[0m
Processing by Rails::WelcomeController#index as HTML
Processing by Devise::SessionsController#new as HTML
  Rendering C:/Ruby34-x64/lib/ruby/gems/3.4.0/gems/railties-7.0.10/lib/rails/templates/rails/welcome/index.html.erb
  Rendered C:/Ruby34-x64/lib/ruby/gems/3.4.0/gems/railties-7.0.10/lib/rails/templates/rails/welcome/index.html.erb (Duration: 20.2ms | Allocations: 442)
Completed 200 OK in 3164ms (Views: 67.6ms | ActiveRecord: 0.0ms | Allocations: 11902)


  Rendering layout layouts/application.html.erb
  Rendering devise/sessions/new.html.erb within layouts/application
  Rendered devise/sessions/new.html.erb within layouts/application (Duration: 1347.2ms | Allocations: 11136)
  Rendered layout layouts/application.html.erb (Duration: 1586.7ms | Allocations: 19833)
Completed 200 OK in 4948ms (Views: 1946.1ms | ActiveRecord: 23.8ms | Allocations: 32116)


Started GET "/" for 127.0.0.1 at 2026-03-20 15:08:24 +0500
Processing by Rails::WelcomeController#index as HTML
  Rendering C:/Ruby34-x64/lib/ruby/gems/3.4.0/gems/railties-7.0.10/lib/rails/templates/rails/welcome/index.html.erb
  Rendered C:/Ruby34-x64/lib/ruby/gems/3.4.0/gems/railties-7.0.10/lib/rails/templates/rails/welcome/index.html.erb (Duration: 9.2ms | Allocations: 128)
Completed 200 OK in 5278ms (Views: 25.7ms | ActiveRecord: 0.0ms | Allocations: 1484)


Started GET "/users/sign_in" for 127.0.0.1 at 2026-03-20 15:08:40 +0500
Processing by Devise::SessionsController#new as HTML
  Rendering layout layouts/application.html.erb
  Rendering devise/sessions/new.html.erb within layouts/application
  Rendered devise/sessions/new.html.erb within layouts/application (Duration: 6.7ms | Allocations: 1458)
  Rendered layout layouts/application.html.erb (Duration: 16.2ms | Allocations: 2374)
Completed 200 OK in 1929ms (Views: 50.2ms | ActiveRecord: 0.0ms | Allocations: 3654)


Started GET "/favicon.ico" for 127.0.0.1 at 2026-03-20 15:08:56 +0500
  
ActionController::RoutingError (No route matches [GET] "/favicon.ico"):
  
Started POST "/users/sign_in" for 127.0.0.1 at 2026-03-20 15:09:13 +0500
Processing by Devise::SessionsController#create as TURBO_STREAM
  Parameters: {"authenticity_token" => "[FILTERED]", "user" => {"email" => "[FILTERED]", "password" => "[FILTERED]", "remember_me" => "1"}, "commit" => "Sign in"}
  [1m[36mUser Load (8.9ms)[0m  [1m[34mSELECT "users".* FROM "users" WHERE "users"."email" = $1 ORDER BY "users"."id" ASC LIMIT $2 /*application:CodeCritic,controller:sessions,action:create*/[0m  [["email", "[FILTERED]"], ["LIMIT", 1]]
Completed 401 Unauthorized in 1935ms (ActiveRecord: 9.2ms | Allocations: 3797)


Processing by Devise::SessionsController#new as TURBO_STREAM
  Parameters: {"authenticity_token" => "[FILTERED]", "user" => {"email" => "[FILTERED]", "password" => "[FILTERED]", "remember_me" => "1"}, "commit" => "Sign in"}
  Rendering layout layouts/application.html.erb
  Rendering devise/sessions/new.html.erb within layouts/application
  Rendered devise/sessions/new.html.erb within layouts/application (Duration: 9.1ms | Allocations: 1077)
  Rendered layout layouts/application.html.erb (Duration: 17.8ms | Allocations: 1745)
Completed 200 OK in 2442ms (Views: 22.4ms | ActiveRecord: 0.0ms | Allocations: 3135)


Started GET "/users/sign_up" for 127.0.0.1 at 2026-03-20 15:09:27 +0500
Processing by Devise::RegistrationsController#new as HTML
  Rendering layout layouts/application.html.erb
  Rendering devise/registrations/new.html.erb within layouts/application
  Rendered devise/registrations/new.html.erb within layouts/application (Duration: 10.5ms | Allocations: 1993)
  Rendered layout layouts/application.html.erb (Duration: 16.4ms | Allocations: 2705)
Completed 200 OK in 2038ms (Views: 32.0ms | ActiveRecord: 0.0ms | Allocations: 3872)


Started POST "/users" for 127.0.0.1 at 2026-03-20 15:09:55 +0500
Processing by Devise::RegistrationsController#create as TURBO_STREAM
  Parameters: {"authenticity_token" => "[FILTERED]", "user" => {"name" => "Fassih", "email" => "[FILTERED]", "password" => "[FILTERED]", "password_confirmation" => "[FILTERED]"}, "commit" => "Create account"}
[31mUnpermitted parameter: :name. Context: { controller: Devise::RegistrationsController, action: create, request: #<ActionDispatch::Request:0x000002610f1c6728>, params: {"authenticity_token" => "[FILTERED]", "user" => {"name" => "Fassih", "email" => "[FILTERED]", "password" => "[FILTERED]", "password_confirmation" => "[FILTERED]"}, "commit" => "Create account", "controller" => "devise/registrations", "action" => "create"} }[0m
  [1m[36mTRANSACTION (2.1ms)[0m  [1m[35mBEGIN /*application:CodeCritic,controller:registrations,action:create*/[0m
  [1m[36mUser Exists? (0.7ms)[0m  [1m[34mSELECT 1 AS one FROM "users" WHERE "users"."email" = $1 LIMIT $2 /*application:CodeCritic,controller:registrations,action:create*/[0m  [["email", "[FILTERED]"], ["LIMIT", 1]]
  [1m[36mCACHE User Exists? (0.0ms)[0m  [1m[34mSELECT 1 AS one FROM "users" WHERE "users"."email" = $1 LIMIT $2[0m  [["email", "[FILTERED]"], ["LIMIT", 1]]
  [1m[36mTRANSACTION (4.8ms)[0m  [1m[31mROLLBACK /*application:CodeCritic,controller:registrations,action:create*/[0m
  Rendering layout layouts/application.html.erb
  Rendering devise/registrations/new.html.erb within layouts/application
  Rendered devise/registrations/new.html.erb within layouts/application (Duration: 10.2ms | Allocations: 3492)
  Rendered layout layouts/application.html.erb (Duration: 18.6ms | Allocations: 4159)
Completed 422 Unprocessable Entity in 2656ms (Views: 20.7ms | ActiveRecord: 7.7ms | Allocations: 12710)


Started POST "/users" for 127.0.0.1 at 2026-03-20 15:10:31 +0500
Processing by Devise::RegistrationsController#create as TURBO_STREAM
  Parameters: {"authenticity_token" => "[FILTERED]", "user" => {"name" => "Fassih ", "email" => "[FILTERED]", "password" => "[FILTERED]", "password_confirmation" => "[FILTERED]"}, "commit" => "Create account"}
[31mUnpermitted parameter: :name. Context: { controller: Devise::RegistrationsController, action: create, request: #<ActionDispatch::Request:0x000002611166bce0>, params: {"authenticity_token" => "[FILTERED]", "user" => {"name" => "Fassih ", "email" => "[FILTERED]", "password" => "[FILTERED]", "password_confirmation" => "[FILTERED]"}, "commit" => "Create account", "controller" => "devise/registrations", "action" => "create"} }[0m
  [1m[36mTRANSACTION (0.3ms)[0m  [1m[35mBEGIN /*application:CodeCritic,controller:registrations,action:create*/[0m
  [1m[36mUser Exists? (0.6ms)[0m  [1m[34mSELECT 1 AS one FROM "users" WHERE "users"."email" = $1 LIMIT $2 /*application:CodeCritic,controller:registrations,action:create*/[0m  [["email", "[FILTERED]"], ["LIMIT", 1]]
  [1m[36mCACHE User Exists? (0.0ms)[0m  [1m[34mSELECT 1 AS one FROM "users" WHERE "users"."email" = $1 LIMIT $2[0m  [["email", "[FILTERED]"], ["LIMIT", 1]]
  [1m[36mTRANSACTION (0.4ms)[0m  [1m[31mROLLBACK /*application:CodeCritic,controller:registrations,action:create*/[0m
  Rendering layout layouts/application.html.erb
  Rendering devise/registrations/new.html.erb within layouts/application
  Rendered devise/registrations/new.html.erb within layouts/application (Duration: 11.8ms | Allocations: 2596)
  Rendered layout layouts/application.html.erb (Duration: 15.6ms | Allocations: 3263)
Completed 422 Unprocessable Entity in 2614ms (Views: 18.7ms | ActiveRecord: 1.4ms | Allocations: 10650)


Started POST "/users" for 127.0.0.1 at 2026-03-20 15:11:04 +0500
Processing by Devise::RegistrationsController#create as TURBO_STREAM
  Parameters: {"authenticity_token" => "[FILTERED]", "user" => {"name" => "Fassih Kamran ", "email" => "[FILTERED]", "password" => "[FILTERED]", "password_confirmation" => "[FILTERED]"}, "commit" => "Create account"}
[31mUnpermitted parameter: :name. Context: { controller: Devise::RegistrationsController, action: create, request: #<ActionDispatch::Request:0x000002610ff36908>, params: {"authenticity_token" => "[FILTERED]", "user" => {"name" => "Fassih Kamran ", "email" => "[FILTERED]", "password" => "[FILTERED]", "password_confirmation" => "[FILTERED]"}, "commit" => "Create account", "controller" => "devise/registrations", "action" => "create"} }[0m
  [1m[36mTRANSACTION (0.3ms)[0m  [1m[35mBEGIN /*application:CodeCritic,controller:registrations,action:create*/[0m
  [1m[36mUser Exists? (0.6ms)[0m  [1m[34mSELECT 1 AS one FROM "users" WHERE "users"."email" = $1 LIMIT $2 /*application:CodeCritic,controller:registrations,action:create*/[0m  [["email", "[FILTERED]"], ["LIMIT", 1]]
  [1m[36mCACHE User Exists? (0.0ms)[0m  [1m[34mSELECT 1 AS one FROM "users" WHERE "users"."email" = $1 LIMIT $2[0m  [["email", "[FILTERED]"], ["LIMIT", 1]]
  [1m[36mTRANSACTION (0.4ms)[0m  [1m[31mROLLBACK /*application:CodeCritic,controller:registrations,action:create*/[0m
  Rendering layout layouts/application.html.erb
  Rendering devise/registrations/new.html.erb within layouts/application
  Rendered devise/registrations/new.html.erb within layouts/application (Duration: 13.5ms | Allocations: 3375)
  Rendered layout layouts/application.html.erb (Duration: 16.2ms | Allocations: 4042)
Completed 422 Unprocessable Entity in 2670ms (Views: 18.0ms | ActiveRecord: 1.3ms | Allocations: 11466)


Started POST "/users" for 127.0.0.1 at 2026-03-20 15:11:40 +0500
Processing by Devise::RegistrationsController#create as TURBO_STREAM
  Parameters: {"authenticity_token" => "[FILTERED]", "user" => {"name" => "Fassih Kamran", "email" => "[FILTERED]", "password" => "[FILTERED]", "password_confirmation" => "[FILTERED]"}, "commit" => "Create account"}
[31mUnpermitted parameter: :name. Context: { controller: Devise::RegistrationsController, action: create, request: #<ActionDispatch::Request:0x00000261103037c0>, params: {"authenticity_token" => "[FILTERED]", "user" => {"name" => "Fassih Kamran", "email" => "[FILTERED]", "password" => "[FILTERED]", "password_confirmation" => "[FILTERED]"}, "commit" => "Create account", "controller" => "devise/registrations", "action" => "create"} }[0m
  [1m[36mTRANSACTION (0.3ms)[0m  [1m[35mBEGIN /*application:CodeCritic,controller:registrations,action:create*/[0m
  [1m[36mUser Exists? (0.6ms)[0m  [1m[34mSELECT 1 AS one FROM "users" WHERE "users"."email" = $1 LIMIT $2 /*application:CodeCritic,controller:registrations,action:create*/[0m  [["email", "[FILTERED]"], ["LIMIT", 1]]
  [1m[36mCACHE User Exists? (0.1ms)[0m  [1m[34mSELECT 1 AS one FROM "users" WHERE "users"."email" = $1 LIMIT $2[0m  [["email", "[FILTERED]"], ["LIMIT", 1]]
  [1m[36mTRANSACTION (0.4ms)[0m  [1m[31mROLLBACK /*application:CodeCritic,controller:registrations,action:create*/[0m
  Rendering layout layouts/application.html.erb
  Rendering devise/registrations/new.html.erb within layouts/application
  Rendered devise/registrations/new.html.erb within layouts/application (Duration: 14.3ms | Allocations: 3375)
  Rendered layout layouts/application.html.erb (Duration: 17.2ms | Allocations: 4043)
Completed 422 Unprocessable Entity in 2705ms (Views: 19.1ms | ActiveRecord: 1.4ms | Allocations: 11456)


Started POST "/users" for 127.0.0.1 at 2026-03-20 15:13:39 +0500
Processing by Devise::RegistrationsController#create as TURBO_STREAM
  Parameters: {"authenticity_token" => "[FILTERED]", "user" => {"name" => "Ahmad Kamran", "email" => "[FILTERED]", "password" => "[FILTERED]", "password_confirmation" => "[FILTERED]"}, "commit" => "Create account"}
[31mUnpermitted parameter: :name. Context: { controller: Devise::RegistrationsController, action: create, request: #<ActionDispatch::Request:0x000002610b68b910>, params: {"authenticity_token" => "[FILTERED]", "user" => {"name" => "Ahmad Kamran", "email" => "[FILTERED]", "password" => "[FILTERED]", "password_confirmation" => "[FILTERED]"}, "commit" => "Create account", "controller" => "devise/registrations", "action" => "create"} }[0m
  [1m[36mTRANSACTION (0.4ms)[0m  [1m[35mBEGIN /*application:CodeCritic,controller:registrations,action:create*/[0m
  [1m[36mUser Exists? (0.7ms)[0m  [1m[34mSELECT 1 AS one FROM "users" WHERE "users"."email" = $1 LIMIT $2 /*application:CodeCritic,controller:registrations,action:create*/[0m  [["email", "[FILTERED]"], ["LIMIT", 1]]
  [1m[36mCACHE User Exists? (0.0ms)[0m  [1m[34mSELECT 1 AS one FROM "users" WHERE "users"."email" = $1 LIMIT $2[0m  [["email", "[FILTERED]"], ["LIMIT", 1]]
  [1m[36mTRANSACTION (0.3ms)[0m  [1m[31mROLLBACK /*application:CodeCritic,controller:registrations,action:create*/[0m
  Rendering layout layouts/application.html.erb
  Rendering devise/registrations/new.html.erb within layouts/application
  Rendered devise/registrations/new.html.erb within layouts/application (Duration: 7.6ms | Allocations: 2596)
  Rendered layout layouts/application.html.erb (Duration: 11.0ms | Allocations: 3263)
Completed 422 Unprocessable Entity in 2656ms (Views: 13.9ms | ActiveRecord: 1.4ms | Allocations: 10669)


Started POST "/users" for 127.0.0.1 at 2026-03-20 15:15:16 +0500
Processing by Devise::RegistrationsController#create as TURBO_STREAM
  Parameters: {"authenticity_token" => "[FILTERED]", "user" => {"name" => "fassih", "email" => "[FILTERED]", "password" => "[FILTERED]", "password_confirmation" => "[FILTERED]"}, "commit" => "Create account"}
[31mUnpermitted parameter: :name. Context: { controller: Devise::RegistrationsController, action: create, request: #<ActionDispatch::Request:0x00000261100fe7e0>, params: {"authenticity_token" => "[FILTERED]", "user" => {"name" => "fassih", "email" => "[FILTERED]", "password" => "[FILTERED]", "password_confirmation" => "[FILTERED]"}, "commit" => "Create account", "controller" => "devise/registrations", "action" => "create"} }[0m
  [1m[36mTRANSACTION (0.3ms)[0m  [1m[35mBEGIN /*application:CodeCritic,controller:registrations,action:create*/[0m
  [1m[36mUser Exists? (0.6ms)[0m  [1m[34mSELECT 1 AS one FROM "users" WHERE "users"."email" = $1 LIMIT $2 /*application:CodeCritic,controller:registrations,action:create*/[0m  [["email", "[FILTERED]"], ["LIMIT", 1]]
  [1m[36mCACHE User Exists? (0.0ms)[0m  [1m[34mSELECT 1 AS one FROM "users" WHERE "users"."email" = $1 LIMIT $2[0m  [["email", "[FILTERED]"], ["LIMIT", 1]]
  [1m[36mTRANSACTION (0.4ms)[0m  [1m[31mROLLBACK /*application:CodeCritic,controller:registrations,action:create*/[0m
  Rendering layout layouts/application.html.erb
  Rendering devise/registrations/new.html.erb within layouts/application
  Rendered devise/registrations/new.html.erb within layouts/application (Duration: 17.2ms | Allocations: 3621)
  Rendered layout layouts/application.html.erb (Duration: 20.4ms | Allocations: 4288)
Completed 422 Unprocessable Entity in 2644ms (Views: 22.1ms | ActiveRecord: 1.3ms | Allocations: 11749)


